{"method":"GET","url":"/login.html","ip":"::1","timestamp":"2025-04-17T00:58:01.384Z","status":304,"duration":4}
{"method":"GET","url":"/scripts/vendor/aos.js.map","ip":"::1","timestamp":"2025-04-17T01:01:33.638Z","status":404,"duration":21}
{"method":"GET","url":"/login.html","ip":"::1","timestamp":"2025-04-17T01:04:07.600Z","status":304,"duration":4}
{"method":"GET","url":"/scripts/vendor/aos.js.map","ip":"::1","timestamp":"2025-04-17T01:04:13.252Z","status":404,"duration":11}
{"method":"GET","url":"/login.html","ip":"::1","timestamp":"2025-04-17T01:07:11.531Z","status":304,"duration":8}
{"method":"GET","url":"/favicon.ico","ip":"::1","timestamp":"2025-04-17T01:07:28.308Z","status":200,"duration":6}
{"method":"POST","url":"/api/auth/wallet-login","ip":"::1","timestamp":"2025-04-17T01:07:30.618Z","status":200,"duration":183}
{"method":"POST","url":"/api/auth/verify","ip":"::1","timestamp":"2025-04-17T01:07:30.807Z","status":200,"duration":6}
{"method":"GET","url":"/api/users/0xbc65ed7097216e071fcce36e2b29ddb1d8786f4c","ip":"::1","timestamp":"2025-04-17T01:07:30.819Z","status":304,"duration":10}
{"method":"POST","url":"/api/auth/verify","ip":"::1","timestamp":"2025-04-17T01:07:30.835Z","status":200,"duration":4}
{"method":"GET","url":"/api/users/check/0xbc65ed7097216e071fcce36e2b29ddb1d8786f4c","ip":"::1","timestamp":"2025-04-17T01:07:30.844Z","status":401,"duration":2}
{"method":"POST","url":"/api/users","ip":"::1","timestamp":"2025-04-17T01:07:30.852Z","status":400,"duration":27}
{"method":"POST","url":"/api/users","ip":"::1","timestamp":"2025-04-17T01:07:32.392Z","status":400,"duration":9}
{"method":"POST","url":"/api/users","ip":"::1","timestamp":"2025-04-17T01:07:34.674Z","status":400,"duration":11}
{"method":"GET","url":"/api/teachers?addresses=0x83598d1264B3f4BAb116505A5EF1b2844e5C8e98,0xFa0E3A541DEa933c552694dF107c52bc02D45b7E&status=active","ip":"::1","timestamp":"2025-04-17T01:07:36.693Z","status":200,"duration":6}
{"method":"GET","url":"/index.html","ip":"::1","timestamp":"2025-04-17T01:07:47.185Z","status":200,"duration":3}
{"method":"GET","url":"/scripts/vendor/aos.js.map","ip":"::1","timestamp":"2025-04-17T01:07:48.465Z","status":200,"duration":2}
{"method":"GET","url":"/favicon.ico","ip":"::1","timestamp":"2025-04-17T01:07:54.275Z","status":200,"duration":3}
{"method":"GET","url":"/index.html","ip":"::1","timestamp":"2025-04-17T01:08:01.471Z","status":304,"duration":1}
{"method":"GET","url":"/login.html","ip":"::1","timestamp":"2025-04-17T01:08:10.264Z","status":304,"duration":1}
{"method":"POST","url":"/api/auth/wallet-login","ip":"::1","timestamp":"2025-04-17T01:08:20.537Z","status":404,"duration":10}
{"method":"POST","url":"/api/auth/register","ip":"::1","timestamp":"2025-04-17T01:08:20.552Z","status":400,"duration":1}
{"method":"POST","url":"/api/auth/wallet-login","ip":"::1","timestamp":"2025-04-17T01:08:26.768Z","status":404,"duration":3}
{"method":"POST","url":"/api/auth/register","ip":"::1","timestamp":"2025-04-17T01:08:26.778Z","status":400,"duration":2}
{"method":"GET","url":"/login.html","ip":"::1","timestamp":"2025-04-17T01:16:01.641Z","status":304,"duration":5}
{"method":"POST","url":"/api/auth/wallet-login","ip":"::1","timestamp":"2025-04-17T01:16:05.381Z","status":404,"duration":149}
{"method":"POST","url":"/api/auth/register","ip":"::1","timestamp":"2025-04-17T01:16:05.535Z","status":400,"duration":1}
{"method":"GET","url":"/favicon.ico","ip":"::1","timestamp":"2025-04-17T01:21:25.237Z","status":200,"duration":8}
{"method":"GET","url":"/login.html","ip":"::1","timestamp":"2025-04-17T01:21:35.096Z","status":304,"duration":2}
{"method":"POST","url":"/api/auth/wallet-login","ip":"::1","timestamp":"2025-04-17T01:21:40.252Z","status":200,"duration":169}
{"method":"POST","url":"/api/auth/verify","ip":"::1","timestamp":"2025-04-17T01:21:40.427Z","status":200,"duration":6}
{"method":"GET","url":"/api/users/0xbc65ed7097216e071fcce36e2b29ddb1d8786f4c","ip":"::1","timestamp":"2025-04-17T01:21:40.439Z","status":304,"duration":9}
{"method":"POST","url":"/api/auth/verify","ip":"::1","timestamp":"2025-04-17T01:21:40.454Z","status":200,"duration":4}
{"method":"GET","url":"/api/users/check/0xbc65ed7097216e071fcce36e2b29ddb1d8786f4c","ip":"::1","timestamp":"2025-04-17T01:21:40.467Z","status":401,"duration":2}
{"method":"POST","url":"/api/users","ip":"::1","timestamp":"2025-04-17T01:21:40.475Z","status":400,"duration":22}
{"method":"POST","url":"/api/users","ip":"::1","timestamp":"2025-04-17T01:21:42.011Z","status":400,"duration":8}
{"method":"POST","url":"/api/users","ip":"::1","timestamp":"2025-04-17T01:21:44.292Z","status":400,"duration":7}
{"method":"GET","url":"/api/teachers?addresses=0x83598d1264B3f4BAb116505A5EF1b2844e5C8e98,0xFa0E3A541DEa933c552694dF107c52bc02D45b7E&status=active","ip":"::1","timestamp":"2025-04-17T01:21:46.172Z","status":200,"duration":18}
{"method":"GET","url":"/login.html","ip":"::1","timestamp":"2025-04-17T01:26:53.067Z","status":304,"duration":5}
{"method":"POST","url":"/api/auth/wallet-login","ip":"::1","timestamp":"2025-04-17T01:26:53.397Z","status":200,"duration":71}
{"method":"POST","url":"/api/auth/verify","ip":"::1","timestamp":"2025-04-17T01:26:53.477Z","status":200,"duration":3}
{"method":"GET","url":"/api/users/0xbc65ed7097216e071fcce36e2b29ddb1d8786f4c","ip":"::1","timestamp":"2025-04-17T01:26:53.485Z","status":304,"duration":6}
{"method":"POST","url":"/api/auth/verify","ip":"::1","timestamp":"2025-04-17T01:26:53.500Z","status":200,"duration":2}
{"method":"GET","url":"/api/users/check/0xbc65ed7097216e071fcce36e2b29ddb1d8786f4c","ip":"::1","timestamp":"2025-04-17T01:26:53.516Z","status":401,"duration":1}
{"method":"POST","url":"/api/users","ip":"::1","timestamp":"2025-04-17T01:26:53.526Z","status":400,"duration":11}
{"method":"POST","url":"/api/users","ip":"::1","timestamp":"2025-04-17T01:26:55.053Z","status":400,"duration":9}
{"method":"POST","url":"/api/auth/wallet-login","ip":"::1","timestamp":"2025-04-17T01:26:55.949Z","status":200,"duration":9}
{"method":"POST","url":"/api/auth/verify","ip":"::1","timestamp":"2025-04-17T01:26:55.963Z","status":200,"duration":5}
{"method":"GET","url":"/api/users/0xbc65ed7097216e071fcce36e2b29ddb1d8786f4c","ip":"::1","timestamp":"2025-04-17T01:26:55.973Z","status":304,"duration":7}
{"method":"POST","url":"/api/auth/verify","ip":"::1","timestamp":"2025-04-17T01:26:55.984Z","status":200,"duration":4}
{"method":"GET","url":"/api/users/check/0xbc65ed7097216e071fcce36e2b29ddb1d8786f4c","ip":"::1","timestamp":"2025-04-17T01:26:55.993Z","status":401,"duration":2}
{"method":"POST","url":"/api/users","ip":"::1","timestamp":"2025-04-17T01:26:56.001Z","status":400,"duration":11}
{"method":"POST","url":"/api/users","ip":"::1","timestamp":"2025-04-17T01:26:57.323Z","status":400,"duration":8}
{"method":"POST","url":"/api/users","ip":"::1","timestamp":"2025-04-17T01:26:57.529Z","status":400,"duration":7}
{"method":"GET","url":"/api/teachers?addresses=0x83598d1264B3f4BAb116505A5EF1b2844e5C8e98,0xFa0E3A541DEa933c552694dF107c52bc02D45b7E&status=active","ip":"::1","timestamp":"2025-04-17T01:26:59.012Z","status":200,"duration":19}
{"method":"GET","url":"/admin.html","ip":"::1","timestamp":"2025-04-17T01:30:27.839Z","status":304,"duration":4}
{"method":"GET","url":"/api/teachers?addresses=0x83598d1264B3f4BAb116505A5EF1b2844e5C8e98,0xFa0E3A541DEa933c552694dF107c52bc02D45b7E&status=active","ip":"::1","timestamp":"2025-04-17T01:30:28.696Z","status":200,"duration":74}
{"method":"GET","url":"/login.html","ip":"::1","timestamp":"2025-04-17T01:35:52.560Z","status":304,"duration":5}
{"method":"POST","url":"/api/auth/wallet-login","ip":"::1","timestamp":"2025-04-17T01:35:52.884Z","status":200,"duration":70}
{"method":"POST","url":"/api/auth/verify","ip":"::1","timestamp":"2025-04-17T01:35:52.970Z","status":200,"duration":3}
{"method":"GET","url":"/api/users/0xbc65ed7097216e071fcce36e2b29ddb1d8786f4c","ip":"::1","timestamp":"2025-04-17T01:35:52.980Z","status":304,"duration":5}
{"method":"POST","url":"/api/auth/verify","ip":"::1","timestamp":"2025-04-17T01:35:52.992Z","status":200,"duration":2}
{"method":"GET","url":"/api/users/check/0xbc65ed7097216e071fcce36e2b29ddb1d8786f4c","ip":"::1","timestamp":"2025-04-17T01:35:53.000Z","status":401,"duration":2}
{"method":"POST","url":"/api/users","ip":"::1","timestamp":"2025-04-17T01:35:53.013Z","status":400,"duration":12}
{"method":"POST","url":"/api/users","ip":"::1","timestamp":"2025-04-17T01:35:54.532Z","status":400,"duration":10}
{"method":"POST","url":"/api/auth/wallet-login","ip":"::1","timestamp":"2025-04-17T01:35:55.933Z","status":200,"duration":13}
{"method":"POST","url":"/api/auth/verify","ip":"::1","timestamp":"2025-04-17T01:35:55.953Z","status":200,"duration":5}
{"method":"GET","url":"/api/users/0xbc65ed7097216e071fcce36e2b29ddb1d8786f4c","ip":"::1","timestamp":"2025-04-17T01:35:55.963Z","status":304,"duration":6}
{"method":"POST","url":"/api/auth/verify","ip":"::1","timestamp":"2025-04-17T01:35:55.975Z","status":200,"duration":4}
{"method":"GET","url":"/api/users/check/0xbc65ed7097216e071fcce36e2b29ddb1d8786f4c","ip":"::1","timestamp":"2025-04-17T01:35:55.986Z","status":401,"duration":3}
{"method":"POST","url":"/api/users","ip":"::1","timestamp":"2025-04-17T01:35:55.995Z","status":400,"duration":13}
{"method":"POST","url":"/api/users","ip":"::1","timestamp":"2025-04-17T01:35:56.801Z","status":400,"duration":8}
{"method":"POST","url":"/api/users","ip":"::1","timestamp":"2025-04-17T01:35:57.531Z","status":400,"duration":12}
{"method":"GET","url":"/api/teachers?addresses=0x83598d1264B3f4BAb116505A5EF1b2844e5C8e98,0xFa0E3A541DEa933c552694dF107c52bc02D45b7E&status=active","ip":"::1","timestamp":"2025-04-17T01:35:58.328Z","status":200,"duration":19}
{"method":"GET","url":"/login.html","ip":"::1","timestamp":"2025-04-17T01:41:16.731Z","status":304,"duration":5}
{"method":"POST","url":"/api/auth/wallet-login","ip":"::1","timestamp":"2025-04-17T01:41:17.049Z","status":200,"duration":62}
{"method":"POST","url":"/api/auth/verify","ip":"::1","timestamp":"2025-04-17T01:41:17.118Z","status":200,"duration":4}
{"method":"GET","url":"/api/users/0xbc65ed7097216e071fcce36e2b29ddb1d8786f4c","ip":"::1","timestamp":"2025-04-17T01:41:17.134Z","status":304,"duration":6}
{"method":"POST","url":"/api/auth/verify","ip":"::1","timestamp":"2025-04-17T01:41:17.156Z","status":200,"duration":2}
{"method":"GET","url":"/api/users/check/0xbc65ed7097216e071fcce36e2b29ddb1d8786f4c","ip":"::1","timestamp":"2025-04-17T01:41:17.167Z","status":401,"duration":1}
{"method":"POST","url":"/api/users","ip":"::1","timestamp":"2025-04-17T01:41:17.176Z","status":400,"duration":12}
{"method":"POST","url":"/api/users","ip":"::1","timestamp":"2025-04-17T01:41:18.708Z","status":400,"duration":10}
{"method":"POST","url":"/api/auth/wallet-login","ip":"::1","timestamp":"2025-04-17T01:41:19.940Z","status":200,"duration":5}
{"method":"POST","url":"/api/auth/verify","ip":"::1","timestamp":"2025-04-17T01:41:19.952Z","status":200,"duration":3}
{"method":"GET","url":"/api/users/0xbc65ed7097216e071fcce36e2b29ddb1d8786f4c","ip":"::1","timestamp":"2025-04-17T01:41:19.962Z","status":304,"duration":3}
{"method":"POST","url":"/api/auth/verify","ip":"::1","timestamp":"2025-04-17T01:41:19.972Z","status":200,"duration":2}
{"method":"GET","url":"/api/users/check/0xbc65ed7097216e071fcce36e2b29ddb1d8786f4c","ip":"::1","timestamp":"2025-04-17T01:41:19.980Z","status":401,"duration":2}
{"method":"POST","url":"/api/users","ip":"::1","timestamp":"2025-04-17T01:41:19.988Z","status":400,"duration":6}
{"method":"POST","url":"/api/users","ip":"::1","timestamp":"2025-04-17T01:41:20.988Z","status":400,"duration":5}
{"method":"POST","url":"/api/users","ip":"::1","timestamp":"2025-04-17T01:41:21.515Z","status":400,"duration":5}
{"method":"GET","url":"/api/teachers?addresses=0x83598d1264B3f4BAb116505A5EF1b2844e5C8e98,0xFa0E3A541DEa933c552694dF107c52bc02D45b7E&status=active","ip":"::1","timestamp":"2025-04-17T01:41:22.572Z","status":200,"duration":8}
{"method":"GET","url":"/favicon.ico","ip":"::1","timestamp":"2025-04-17T01:41:52.798Z","status":200,"duration":4}
{"method":"GET","url":"/admin.html","ip":"::1","timestamp":"2025-04-17T01:48:54.739Z","status":200,"duration":3}
{"method":"GET","url":"/api/teachers?addresses=0x83598d1264B3f4BAb116505A5EF1b2844e5C8e98,0xFa0E3A541DEa933c552694dF107c52bc02D45b7E&status=active","ip":"::1","timestamp":"2025-04-17T01:48:55.653Z","status":200,"duration":18}
{"method":"GET","url":"/admin.html","ip":"::1","timestamp":"2025-04-17T02:03:03.694Z","status":304,"duration":9}
{"method":"GET","url":"/api/teachers?addresses=0x83598d1264B3f4BAb116505A5EF1b2844e5C8e98,0xFa0E3A541DEa933c552694dF107c52bc02D45b7E&status=active","ip":"::1","timestamp":"2025-04-17T02:03:04.494Z","status":200,"duration":73}
{"method":"GET","url":"/login.html","ip":"::1","timestamp":"2025-04-17T02:36:56.798Z","status":304,"duration":25}
{"method":"POST","url":"/api/auth/wallet-login","ip":"::1","timestamp":"2025-04-17T02:37:18.938Z","status":200,"duration":233}
{"method":"POST","url":"/api/auth/verify","ip":"::1","timestamp":"2025-04-17T02:37:19.182Z","status":200,"duration":5}
{"method":"GET","url":"/api/users/0xbc65ed7097216e071fcce36e2b29ddb1d8786f4c","ip":"::1","timestamp":"2025-04-17T02:37:19.200Z","status":304,"duration":9}
{"method":"POST","url":"/api/auth/verify","ip":"::1","timestamp":"2025-04-17T02:37:19.219Z","status":200,"duration":4}
{"method":"GET","url":"/api/users/check/0xbc65ed7097216e071fcce36e2b29ddb1d8786f4c","ip":"::1","timestamp":"2025-04-17T02:37:19.233Z","status":401,"duration":2}
{"method":"POST","url":"/api/users","ip":"::1","timestamp":"2025-04-17T02:37:19.246Z","status":400,"duration":23}
{"method":"POST","url":"/api/users","ip":"::1","timestamp":"2025-04-17T02:37:20.788Z","status":400,"duration":7}
{"method":"POST","url":"/api/users","ip":"::1","timestamp":"2025-04-17T02:37:23.063Z","status":400,"duration":13}
{"method":"GET","url":"/api/teachers?addresses=0x83598d1264B3f4BAb116505A5EF1b2844e5C8e98,0xFa0E3A541DEa933c552694dF107c52bc02D45b7E&status=active","ip":"::1","timestamp":"2025-04-17T02:37:27.034Z","status":200,"duration":19}
{"method":"GET","url":"/login.html","ip":"::1","timestamp":"2025-04-17T03:08:01.961Z","status":304,"duration":27}
{"method":"POST","url":"/api/auth/wallet-login","ip":"::1","timestamp":"2025-04-17T03:08:03.149Z","status":200,"duration":186}
{"method":"POST","url":"/api/auth/verify","ip":"::1","timestamp":"2025-04-17T03:08:03.352Z","status":200,"duration":9}
{"method":"GET","url":"/api/users/0xbc65ed7097216e071fcce36e2b29ddb1d8786f4c","ip":"::1","timestamp":"2025-04-17T03:08:03.376Z","status":304,"duration":12}
{"method":"POST","url":"/api/auth/verify","ip":"::1","timestamp":"2025-04-17T03:08:03.401Z","status":200,"duration":6}
{"method":"GET","url":"/api/users/check/0xbc65ed7097216e071fcce36e2b29ddb1d8786f4c","ip":"::1","timestamp":"2025-04-17T03:08:03.417Z","status":401,"duration":4}
{"method":"POST","url":"/api/users","ip":"::1","timestamp":"2025-04-17T03:08:03.434Z","status":400,"duration":41}
{"method":"POST","url":"/api/users","ip":"::1","timestamp":"2025-04-17T03:08:05.006Z","status":400,"duration":23}
{"method":"POST","url":"/api/users","ip":"::1","timestamp":"2025-04-17T03:08:07.299Z","status":400,"duration":12}
{"method":"GET","url":"/api/teachers?addresses=0x83598d1264B3f4BAb116505A5EF1b2844e5C8e98,0xFa0E3A541DEa933c552694dF107c52bc02D45b7E&status=active","ip":"::1","timestamp":"2025-04-17T03:08:09.860Z","status":200,"duration":27}
{"method":"GET","url":"/admin.html","ip":"::1","timestamp":"2025-04-17T03:08:44.793Z","status":304,"duration":2}
{"method":"GET","url":"/login.html","ip":"::1","timestamp":"2025-04-17T03:13:43.839Z","status":304,"duration":16}
{"method":"POST","url":"/api/auth/wallet-login","ip":"::1","timestamp":"2025-04-17T03:13:44.944Z","status":200,"duration":234}
{"method":"POST","url":"/api/auth/verify","ip":"::1","timestamp":"2025-04-17T03:13:45.209Z","status":200,"duration":9}
{"method":"GET","url":"/api/users/0xbc65ed7097216e071fcce36e2b29ddb1d8786f4c","ip":"::1","timestamp":"2025-04-17T03:13:45.230Z","status":304,"duration":15}
{"method":"POST","url":"/api/auth/verify","ip":"::1","timestamp":"2025-04-17T03:13:45.255Z","status":200,"duration":6}
{"method":"GET","url":"/api/users/check/0xbc65ed7097216e071fcce36e2b29ddb1d8786f4c","ip":"::1","timestamp":"2025-04-17T03:13:45.271Z","status":401,"duration":4}
{"method":"POST","url":"/api/users","ip":"::1","timestamp":"2025-04-17T03:13:45.286Z","status":400,"duration":32}
{"method":"POST","url":"/api/users","ip":"::1","timestamp":"2025-04-17T03:13:46.841Z","status":400,"duration":12}
{"method":"POST","url":"/api/users","ip":"::1","timestamp":"2025-04-17T03:13:49.126Z","status":400,"duration":12}
{"method":"GET","url":"/login.html","ip":"::1","timestamp":"2025-04-17T03:15:49.613Z","status":304,"duration":18}
{"method":"POST","url":"/api/auth/wallet-login","ip":"::1","timestamp":"2025-04-17T03:15:50.684Z","status":200,"duration":210}
{"method":"POST","url":"/api/auth/verify","ip":"::1","timestamp":"2025-04-17T03:15:50.928Z","status":200,"duration":7}
{"method":"GET","url":"/api/users/0xbc65ed7097216e071fcce36e2b29ddb1d8786f4c","ip":"::1","timestamp":"2025-04-17T03:15:50.945Z","status":304,"duration":13}
{"method":"POST","url":"/api/auth/verify","ip":"::1","timestamp":"2025-04-17T03:15:50.967Z","status":200,"duration":5}
{"method":"GET","url":"/api/users/check/0xbc65ed7097216e071fcce36e2b29ddb1d8786f4c","ip":"::1","timestamp":"2025-04-17T03:15:50.981Z","status":401,"duration":4}
{"method":"POST","url":"/api/users","ip":"::1","timestamp":"2025-04-17T03:15:50.993Z","status":400,"duration":36}
{"method":"POST","url":"/api/users","ip":"::1","timestamp":"2025-04-17T03:15:52.546Z","status":400,"duration":17}
{"method":"POST","url":"/api/users","ip":"::1","timestamp":"2025-04-17T03:15:54.837Z","status":400,"duration":13}
{"method":"GET","url":"/login.html","ip":"::1","timestamp":"2025-04-17T03:23:14.517Z","status":304,"duration":17}
{"method":"POST","url":"/api/auth/wallet-login","ip":"::1","timestamp":"2025-04-17T03:23:15.899Z","status":200,"duration":264}
{"method":"POST","url":"/api/auth/verify","ip":"::1","timestamp":"2025-04-17T03:23:16.176Z","status":200,"duration":9}
{"method":"GET","url":"/api/users/0xbc65ed7097216e071fcce36e2b29ddb1d8786f4c","ip":"::1","timestamp":"2025-04-17T03:23:16.201Z","status":304,"duration":16}
{"method":"POST","url":"/api/auth/verify","ip":"::1","timestamp":"2025-04-17T03:23:16.247Z","status":200,"duration":6}
{"method":"GET","url":"/api/users/check/0xbc65ed7097216e071fcce36e2b29ddb1d8786f4c","ip":"::1","timestamp":"2025-04-17T03:23:16.265Z","status":401,"duration":4}
{"method":"POST","url":"/api/users","ip":"::1","timestamp":"2025-04-17T03:23:16.281Z","status":400,"duration":37}
{"method":"POST","url":"/api/users","ip":"::1","timestamp":"2025-04-17T03:23:17.850Z","status":400,"duration":14}
{"method":"POST","url":"/api/users","ip":"::1","timestamp":"2025-04-17T03:23:20.145Z","status":400,"duration":28}
{"method":"GET","url":"/api/teachers?addresses=0x83598d1264B3f4BAb116505A5EF1b2844e5C8e98,0xFa0E3A541DEa933c552694dF107c52bc02D45b7E&status=active","ip":"::1","timestamp":"2025-04-17T03:23:42.628Z","status":200,"duration":39}
{"method":"GET","url":"/login.html","ip":"::1","timestamp":"2025-04-17T05:47:51.093Z","status":304,"duration":5}
{"method":"POST","url":"/api/auth/wallet-login","ip":"::1","timestamp":"2025-04-17T05:47:59.249Z","status":200,"duration":261}
{"method":"POST","url":"/api/auth/verify","ip":"::1","timestamp":"2025-04-17T05:47:59.514Z","status":200,"duration":6}
{"method":"GET","url":"/api/users/0xbc65ed7097216e071fcce36e2b29ddb1d8786f4c","ip":"::1","timestamp":"2025-04-17T05:47:59.527Z","status":304,"duration":15}
{"method":"POST","url":"/api/auth/verify","ip":"::1","timestamp":"2025-04-17T05:47:59.553Z","status":200,"duration":7}
{"method":"GET","url":"/api/users/check/0xbc65ed7097216e071fcce36e2b29ddb1d8786f4c","ip":"::1","timestamp":"2025-04-17T05:47:59.565Z","status":401,"duration":2}
{"method":"POST","url":"/api/users","ip":"::1","timestamp":"2025-04-17T05:47:59.573Z","status":400,"duration":28}
{"method":"POST","url":"/api/users","ip":"::1","timestamp":"2025-04-17T05:48:01.215Z","status":400,"duration":9}
{"method":"POST","url":"/api/users","ip":"::1","timestamp":"2025-04-17T05:48:04.228Z","status":400,"duration":8}
{"method":"GET","url":"/api/teachers?addresses=0x83598d1264B3f4BAb116505A5EF1b2844e5C8e98,0xFa0E3A541DEa933c552694dF107c52bc02D45b7E&status=active","ip":"::1","timestamp":"2025-04-17T05:48:07.481Z","status":200,"duration":29}
{"method":"GET","url":"/login.html","ip":"::1","timestamp":"2025-04-17T06:08:29.185Z","status":304,"duration":12}
{"method":"POST","url":"/api/auth/wallet-login","ip":"::1","timestamp":"2025-04-17T06:08:29.935Z","status":200,"duration":145}
{"method":"POST","url":"/api/auth/verify","ip":"::1","timestamp":"2025-04-17T06:08:30.101Z","status":200,"duration":8}
{"method":"GET","url":"/api/users/0xbc65ed7097216e071fcce36e2b29ddb1d8786f4c","ip":"::1","timestamp":"2025-04-17T06:08:30.119Z","status":304,"duration":10}
{"method":"POST","url":"/api/auth/verify","ip":"::1","timestamp":"2025-04-17T06:08:30.143Z","status":200,"duration":4}
{"method":"GET","url":"/api/users/check/0xbc65ed7097216e071fcce36e2b29ddb1d8786f4c","ip":"::1","timestamp":"2025-04-17T06:08:30.157Z","status":401,"duration":3}
{"method":"POST","url":"/api/users","ip":"::1","timestamp":"2025-04-17T06:08:30.186Z","status":400,"duration":23}
{"method":"POST","url":"/api/users","ip":"::1","timestamp":"2025-04-17T06:08:31.718Z","status":400,"duration":17}
{"method":"POST","url":"/api/users","ip":"::1","timestamp":"2025-04-17T06:08:33.995Z","status":400,"duration":8}
{"method":"GET","url":"/scripts/vendor/aos.css","ip":"::1","timestamp":"2025-04-17T07:57:09.122Z","status":304,"duration":13}
{"method":"GET","url":"/index.html","ip":"::1","timestamp":"2025-04-17T07:57:12.224Z","status":304,"duration":0}
{"method":"GET","url":"/scripts/vendor/aos.js","ip":"::1","timestamp":"2025-04-17T07:57:12.299Z","status":304,"duration":2}
{"method":"GET","url":"/scripts/index.js","ip":"::1","timestamp":"2025-04-17T07:57:12.305Z","status":304,"duration":2}
{"method":"GET","url":"/login.html","ip":"::1","timestamp":"2025-04-17T07:57:16.843Z","status":304,"duration":1}
{"method":"GET","url":"/scripts/login.js","ip":"::1","timestamp":"2025-04-17T07:57:16.887Z","status":200,"duration":6}
{"method":"GET","url":"/utils/web3Utils.js","ip":"::1","timestamp":"2025-04-17T07:57:17.405Z","status":304,"duration":2}
{"method":"GET","url":"/abi/YourCollectible_ABI.json","ip":"::1","timestamp":"2025-04-17T07:57:17.520Z","status":304,"duration":3}
{"method":"GET","url":"/address/YourCollectible_address.json","ip":"::1","timestamp":"2025-04-17T07:57:17.521Z","status":304,"duration":4}
{"method":"POST","url":"/api/auth/wallet-login","ip":"::1","timestamp":"2025-04-17T07:57:17.547Z","status":200,"duration":198}
{"method":"POST","url":"/api/auth/verify","ip":"::1","timestamp":"2025-04-17T07:57:17.758Z","status":200,"duration":8}
{"method":"GET","url":"/api/users/0xbc65ed7097216e071fcce36e2b29ddb1d8786f4c","ip":"::1","timestamp":"2025-04-17T07:57:17.778Z","status":304,"duration":14}
{"method":"POST","url":"/api/auth/verify","ip":"::1","timestamp":"2025-04-17T07:57:17.799Z","status":200,"duration":4}
{"method":"GET","url":"/api/users/check/0xbc65ed7097216e071fcce36e2b29ddb1d8786f4c","ip":"::1","timestamp":"2025-04-17T07:57:17.823Z","status":401,"duration":2}
{"method":"POST","url":"/api/users","ip":"::1","timestamp":"2025-04-17T07:57:17.845Z","status":400,"duration":22}
{"method":"POST","url":"/api/users","ip":"::1","timestamp":"2025-04-17T07:57:19.388Z","status":400,"duration":8}
{"method":"POST","url":"/api/users","ip":"::1","timestamp":"2025-04-17T07:57:21.656Z","status":400,"duration":8}
{"method":"GET","url":"/scripts/admin.js","ip":"::1","timestamp":"2025-04-17T07:57:22.794Z","status":200,"duration":5}
{"method":"GET","url":"/routes/components.js","ip":"::1","timestamp":"2025-04-17T07:57:22.791Z","status":404,"duration":10}
{"method":"GET","url":"/scripts/menuToggle.js","ip":"::1","timestamp":"2025-04-17T07:57:23.337Z","status":200,"duration":4}
{"method":"GET","url":"/admin.html","ip":"::1","timestamp":"2025-04-17T08:00:08.643Z","status":304,"duration":6}
{"method":"GET","url":"/routes/components.js","ip":"::1","timestamp":"2025-04-17T08:00:08.712Z","status":404,"duration":10}
{"method":"GET","url":"/admin.html","ip":"::1","timestamp":"2025-04-17T08:00:15.826Z","status":304,"duration":1}
{"method":"GET","url":"/routes/components.js","ip":"::1","timestamp":"2025-04-17T08:00:15.864Z","status":404,"duration":5}
{"method":"GET","url":"/admin.html","ip":"::1","timestamp":"2025-04-17T08:00:23.762Z","status":304,"duration":9}
{"method":"GET","url":"/routes/components.js","ip":"::1","timestamp":"2025-04-17T08:00:23.819Z","status":404,"duration":12}
{"method":"GET","url":"/index.html","ip":"::1","timestamp":"2025-04-17T08:00:31.211Z","status":304,"duration":3}
{"method":"GET","url":"/login.html","ip":"::1","timestamp":"2025-04-17T08:00:37.351Z","status":304,"duration":1}
{"method":"POST","url":"/api/auth/wallet-login","ip":"::1","timestamp":"2025-04-17T08:00:38.248Z","status":200,"duration":163}
{"method":"POST","url":"/api/auth/verify","ip":"::1","timestamp":"2025-04-17T08:00:38.436Z","status":200,"duration":6}
{"method":"GET","url":"/api/users/0xbc65ed7097216e071fcce36e2b29ddb1d8786f4c","ip":"::1","timestamp":"2025-04-17T08:00:38.457Z","status":304,"duration":11}
{"method":"POST","url":"/api/auth/verify","ip":"::1","timestamp":"2025-04-17T08:00:38.490Z","status":200,"duration":4}
{"method":"GET","url":"/api/users/check/0xbc65ed7097216e071fcce36e2b29ddb1d8786f4c","ip":"::1","timestamp":"2025-04-17T08:00:38.530Z","status":401,"duration":4}
{"method":"POST","url":"/api/users","ip":"::1","timestamp":"2025-04-17T08:00:38.546Z","status":400,"duration":28}
{"method":"POST","url":"/api/users","ip":"::1","timestamp":"2025-04-17T08:00:40.101Z","status":400,"duration":11}
{"method":"POST","url":"/api/users","ip":"::1","timestamp":"2025-04-17T08:00:42.377Z","status":400,"duration":9}
{"method":"GET","url":"/routes/components.js","ip":"::1","timestamp":"2025-04-17T08:00:43.593Z","status":404,"duration":5}
{"method":"GET","url":"/","ip":"::1","timestamp":"2025-04-17T08:29:40.408Z","status":200,"duration":12}
{"method":"GET","url":"/styles.css","ip":"::1","timestamp":"2025-04-17T08:29:40.601Z","status":200,"duration":4}
{"method":"GET","url":"/script.js","ip":"::1","timestamp":"2025-04-17T08:29:40.610Z","status":304,"duration":4}
{"method":"GET","url":"/routes/router.js","ip":"::1","timestamp":"2025-04-17T08:29:40.608Z","status":200,"duration":8}
{"method":"GET","url":"/scripts/transactionHelper.js","ip":"::1","timestamp":"2025-04-17T08:29:40.611Z","status":304,"duration":4}
{"method":"GET","url":"/utils/error.js","ip":"::1","timestamp":"2025-04-17T08:29:41.217Z","status":304,"duration":5}
{"method":"GET","url":"/utils/auth.js","ip":"::1","timestamp":"2025-04-17T08:29:41.216Z","status":304,"duration":5}
{"method":"GET","url":"/utils/auth/wallet.js","ip":"::1","timestamp":"2025-04-17T08:29:41.218Z","status":304,"duration":4}
{"method":"GET","url":"/utils/web3Helper.js","ip":"::1","timestamp":"2025-04-17T08:29:41.220Z","status":304,"duration":4}
{"method":"GET","url":"/routes/index.js","ip":"::1","timestamp":"2025-04-17T08:29:41.236Z","status":304,"duration":2}
{"method":"GET","url":"/utils/events.js","ip":"::1","timestamp":"2025-04-17T08:29:41.236Z","status":304,"duration":2}
{"method":"GET","url":"/favicon.ico","ip":"::1","timestamp":"2025-04-17T08:29:41.256Z","status":304,"duration":1}
{"method":"GET","url":"/html/error.html","ip":"::1","timestamp":"2025-04-17T08:29:43.271Z","status":200,"duration":3}
{"method":"GET","url":"/login.html","ip":"::1","timestamp":"2025-04-17T08:29:46.922Z","status":304,"duration":2}
{"method":"POST","url":"/api/auth/wallet-login","ip":"::1","timestamp":"2025-04-17T08:29:47.221Z","status":200,"duration":169}
{"method":"POST","url":"/api/auth/verify","ip":"::1","timestamp":"2025-04-17T08:29:47.396Z","status":200,"duration":7}
{"method":"GET","url":"/api/users/0xbc65ed7097216e071fcce36e2b29ddb1d8786f4c","ip":"::1","timestamp":"2025-04-17T08:29:47.417Z","status":304,"duration":10}
{"method":"POST","url":"/api/auth/verify","ip":"::1","timestamp":"2025-04-17T08:29:47.431Z","status":200,"duration":4}
{"method":"GET","url":"/api/users/check/0xbc65ed7097216e071fcce36e2b29ddb1d8786f4c","ip":"::1","timestamp":"2025-04-17T08:29:47.443Z","status":401,"duration":2}
{"method":"POST","url":"/api/users","ip":"::1","timestamp":"2025-04-17T08:29:47.449Z","status":400,"duration":24}
{"method":"POST","url":"/api/users","ip":"::1","timestamp":"2025-04-17T08:29:48.980Z","status":400,"duration":9}
{"method":"POST","url":"/api/users","ip":"::1","timestamp":"2025-04-17T08:29:51.245Z","status":400,"duration":8}
{"method":"GET","url":"/routes/components.js","ip":"::1","timestamp":"2025-04-17T08:29:52.351Z","status":404,"duration":6}
{"method":"GET","url":"/admin.html","ip":"::1","timestamp":"2025-04-17T08:33:13.623Z","status":304,"duration":6}
{"method":"GET","url":"/routes/components.js","ip":"::1","timestamp":"2025-04-17T08:33:13.671Z","status":404,"duration":7}
{"method":"GET","url":"/favicon.ico","ip":"::1","timestamp":"2025-04-17T11:29:34.660Z","status":200,"duration":12}
{"method":"GET","url":"/login.html","ip":"::1","timestamp":"2025-04-17T11:29:51.365Z","status":304,"duration":3}
{"method":"POST","url":"/api/auth/wallet-login","ip":"::1","timestamp":"2025-04-17T11:29:52.057Z","status":200,"duration":160}
{"method":"POST","url":"/api/auth/verify","ip":"::1","timestamp":"2025-04-17T11:29:52.224Z","status":200,"duration":6}
{"method":"GET","url":"/api/users/0xbc65ed7097216e071fcce36e2b29ddb1d8786f4c","ip":"::1","timestamp":"2025-04-17T11:29:52.237Z","status":304,"duration":10}
{"method":"POST","url":"/api/auth/verify","ip":"::1","timestamp":"2025-04-17T11:29:52.258Z","status":200,"duration":3}
{"method":"GET","url":"/api/users/check/0xbc65ed7097216e071fcce36e2b29ddb1d8786f4c","ip":"::1","timestamp":"2025-04-17T11:29:52.274Z","status":401,"duration":3}
{"method":"POST","url":"/api/users","ip":"::1","timestamp":"2025-04-17T11:29:52.290Z","status":400,"duration":25}
{"method":"POST","url":"/api/users","ip":"::1","timestamp":"2025-04-17T11:29:53.841Z","status":400,"duration":11}
{"method":"POST","url":"/api/users","ip":"::1","timestamp":"2025-04-17T11:29:56.116Z","status":400,"duration":6}
{"method":"GET","url":"/routes/components.js","ip":"::1","timestamp":"2025-04-17T11:29:57.282Z","status":200,"duration":3}
{"method":"GET","url":"/favicon.ico","ip":"::1","timestamp":"2025-04-18T00:23:24.013Z","status":200,"duration":12}
{"method":"GET","url":"/","ip":"::1","timestamp":"2025-04-18T00:25:44.458Z","status":304,"duration":6}
{"method":"GET","url":"/login.html","ip":"::1","timestamp":"2025-04-18T00:27:04.927Z","status":304,"duration":3}
{"method":"POST","url":"/api/auth/wallet-login","ip":"::1","timestamp":"2025-04-18T00:27:06.081Z","status":200,"duration":196}
{"method":"POST","url":"/api/auth/verify","ip":"::1","timestamp":"2025-04-18T00:27:06.286Z","status":200,"duration":5}
{"method":"GET","url":"/api/users/0xbc65ed7097216e071fcce36e2b29ddb1d8786f4c","ip":"::1","timestamp":"2025-04-18T00:27:06.300Z","status":304,"duration":11}
{"method":"POST","url":"/api/auth/verify","ip":"::1","timestamp":"2025-04-18T00:27:06.327Z","status":200,"duration":5}
{"method":"GET","url":"/api/users/check/0xbc65ed7097216e071fcce36e2b29ddb1d8786f4c","ip":"::1","timestamp":"2025-04-18T00:27:06.343Z","status":401,"duration":2}
{"method":"POST","url":"/api/users","ip":"::1","timestamp":"2025-04-18T00:27:06.353Z","status":400,"duration":24}
{"method":"GET","url":"/login.html","ip":"::1","timestamp":"2025-04-18T00:27:10.653Z","status":304,"duration":2}
{"method":"POST","url":"/api/auth/wallet-login","ip":"::1","timestamp":"2025-04-18T00:27:11.708Z","status":200,"duration":8}
{"method":"POST","url":"/api/auth/verify","ip":"::1","timestamp":"2025-04-18T00:27:11.727Z","status":200,"duration":3}
{"method":"GET","url":"/api/users/0xbc65ed7097216e071fcce36e2b29ddb1d8786f4c","ip":"::1","timestamp":"2025-04-18T00:27:11.740Z","status":304,"duration":8}
{"method":"POST","url":"/api/auth/verify","ip":"::1","timestamp":"2025-04-18T00:27:11.792Z","status":200,"duration":3}
{"method":"GET","url":"/api/users/check/0xbc65ed7097216e071fcce36e2b29ddb1d8786f4c","ip":"::1","timestamp":"2025-04-18T00:27:11.808Z","status":401,"duration":3}
{"method":"POST","url":"/api/users","ip":"::1","timestamp":"2025-04-18T00:27:11.835Z","status":400,"duration":9}
{"method":"POST","url":"/api/users","ip":"::1","timestamp":"2025-04-18T00:27:13.373Z","status":400,"duration":12}
{"method":"POST","url":"/api/users","ip":"::1","timestamp":"2025-04-18T00:27:15.654Z","status":400,"duration":9}
{"method":"GET","url":"/admin.html","ip":"::1","timestamp":"2025-04-18T00:28:43.942Z","status":200,"duration":2}
{"method":"GET","url":"/admin.html","ip":"::1","timestamp":"2025-04-18T00:28:56.142Z","status":200,"duration":1}
{"method":"GET","url":"/admin.html","ip":"::1","timestamp":"2025-04-18T00:32:36.996Z","status":304,"duration":5}
{"method":"GET","url":"/admin.html","ip":"::1","timestamp":"2025-04-18T00:40:21.855Z","status":304,"duration":5}
{"method":"GET","url":"/login.html","ip":"::1","timestamp":"2025-04-18T00:40:52.188Z","status":304,"duration":8}
{"method":"GET","url":"/favicon.ico","ip":"::1","timestamp":"2025-04-18T00:41:30.235Z","status":200,"duration":48}
{"method":"POST","url":"/api/auth/wallet-login","ip":"::1","timestamp":"2025-04-18T00:41:30.182Z","status":200,"duration":137}
{"method":"POST","url":"/api/auth/verify","ip":"::1","timestamp":"2025-04-18T00:41:30.331Z","status":200,"duration":5}
{"method":"GET","url":"/api/users/0xbc65ed7097216e071fcce36e2b29ddb1d8786f4c","ip":"::1","timestamp":"2025-04-18T00:41:30.345Z","status":304,"duration":8}
{"method":"POST","url":"/api/auth/verify","ip":"::1","timestamp":"2025-04-18T00:41:30.364Z","status":200,"duration":3}
{"method":"GET","url":"/api/users/check/0xbc65ed7097216e071fcce36e2b29ddb1d8786f4c","ip":"::1","timestamp":"2025-04-18T00:41:30.376Z","status":401,"duration":3}
{"method":"POST","url":"/api/users","ip":"::1","timestamp":"2025-04-18T00:41:30.388Z","status":400,"duration":24}
{"method":"POST","url":"/api/users","ip":"::1","timestamp":"2025-04-18T00:41:31.923Z","status":400,"duration":9}
{"method":"POST","url":"/api/users","ip":"::1","timestamp":"2025-04-18T00:41:34.270Z","status":400,"duration":8}
{"method":"POST","url":"/api/auth/wallet-login","ip":"::1","timestamp":"2025-04-18T00:41:34.489Z","status":200,"duration":10}
{"method":"POST","url":"/api/auth/verify","ip":"::1","timestamp":"2025-04-18T00:41:34.507Z","status":200,"duration":3}
{"method":"GET","url":"/api/users/0xbc65ed7097216e071fcce36e2b29ddb1d8786f4c","ip":"::1","timestamp":"2025-04-18T00:41:34.516Z","status":304,"duration":10}
{"method":"POST","url":"/api/auth/verify","ip":"::1","timestamp":"2025-04-18T00:41:34.535Z","status":200,"duration":4}
{"method":"GET","url":"/api/users/check/0xbc65ed7097216e071fcce36e2b29ddb1d8786f4c","ip":"::1","timestamp":"2025-04-18T00:41:34.547Z","status":401,"duration":3}
{"method":"POST","url":"/api/users","ip":"::1","timestamp":"2025-04-18T00:41:34.557Z","status":400,"duration":11}
{"method":"GET","url":"/","ip":"::1","timestamp":"2025-04-18T00:42:35.277Z","status":200,"duration":7}
{"method":"GET","url":"/styles.css","ip":"::1","timestamp":"2025-04-18T00:42:35.348Z","status":200,"duration":7}
{"method":"GET","url":"/scripts/vendor/aos.js","ip":"::1","timestamp":"2025-04-18T00:42:35.351Z","status":200,"duration":10}
{"method":"GET","url":"/scripts/transactionHelper.js","ip":"::1","timestamp":"2025-04-18T00:42:35.354Z","status":200,"duration":9}
{"method":"GET","url":"/script.js","ip":"::1","timestamp":"2025-04-18T00:42:35.353Z","status":200,"duration":9}
{"method":"GET","url":"/scripts/vendor/aos.css","ip":"::1","timestamp":"2025-04-18T00:42:35.355Z","status":200,"duration":10}
{"method":"GET","url":"/routes/router.js","ip":"::1","timestamp":"2025-04-18T00:42:35.357Z","status":200,"duration":9}
{"method":"GET","url":"/scripts/index.js","ip":"::1","timestamp":"2025-04-18T00:42:35.359Z","status":200,"duration":8}
{"method":"GET","url":"/utils/error.js","ip":"::1","timestamp":"2025-04-18T00:42:36.271Z","status":200,"duration":3}
{"method":"GET","url":"/utils/web3Helper.js","ip":"::1","timestamp":"2025-04-18T00:42:36.272Z","status":200,"duration":3}
{"method":"GET","url":"/utils/auth/wallet.js","ip":"::1","timestamp":"2025-04-18T00:42:36.272Z","status":200,"duration":4}
{"method":"GET","url":"/routes/index.js","ip":"::1","timestamp":"2025-04-18T00:42:36.284Z","status":200,"duration":2}
{"method":"GET","url":"/utils/auth.js","ip":"::1","timestamp":"2025-04-18T00:42:36.285Z","status":200,"duration":1}
{"method":"GET","url":"/utils/events.js","ip":"::1","timestamp":"2025-04-18T00:42:36.285Z","status":200,"duration":2}
{"method":"GET","url":"/favicon.ico","ip":"::1","timestamp":"2025-04-18T00:42:36.296Z","status":200,"duration":2}
{"method":"GET","url":"/login.html","ip":"::1","timestamp":"2025-04-18T00:42:37.872Z","status":200,"duration":3}
{"method":"GET","url":"/scripts/vendor/aos.js.map","ip":"::1","timestamp":"2025-04-18T00:42:42.837Z","status":200,"duration":1}
{"method":"GET","url":"/login?redirect=%2Fadmin.html","ip":"::1","timestamp":"2025-04-18T00:43:03.159Z","status":200,"duration":3}
{"method":"GET","url":"/scripts/login?redirect=%2Fadmin.js","ip":"::1","timestamp":"2025-04-18T00:43:03.174Z","status":401,"duration":3}
{"method":"GET","url":"/login?redirect=%2Fadmin","ip":"::1","timestamp":"2025-04-18T00:43:06.615Z","status":200,"duration":2}
{"method":"GET","url":"/scripts/login.js","ip":"::1","timestamp":"2025-04-18T00:43:06.634Z","status":200,"duration":2}
{"method":"GET","url":"/utils/web3Utils.js","ip":"::1","timestamp":"2025-04-18T00:43:06.979Z","status":200,"duration":3}
{"method":"GET","url":"/favicon.ico","ip":"::1","timestamp":"2025-04-18T00:43:09.238Z","status":200,"duration":3}
{"method":"GET","url":"/favicon.ico","ip":"::1","timestamp":"2025-04-18T00:43:10.614Z","status":200,"duration":1}
{"method":"GET","url":"/abi/YourCollectible_ABI.json","ip":"::1","timestamp":"2025-04-18T00:43:10.788Z","status":200,"duration":3}
{"method":"GET","url":"/address/YourCollectible_address.json","ip":"::1","timestamp":"2025-04-18T00:43:10.789Z","status":200,"duration":2}
{"method":"POST","url":"/api/auth/wallet-login","ip":"::1","timestamp":"2025-04-18T00:43:17.642Z","status":404,"duration":50}
{"method":"POST","url":"/api/auth/register","ip":"::1","timestamp":"2025-04-18T00:43:17.697Z","status":400,"duration":0}
{"method":"GET","url":"/favicon.ico","ip":"::1","timestamp":"2025-04-18T00:43:21.415Z","status":200,"duration":2}
{"method":"GET","url":"/login?redirect=%2Fadmin","ip":"::1","timestamp":"2025-04-18T00:43:29.204Z","status":304,"duration":3}
{"method":"GET","url":"/login.html","ip":"::1","timestamp":"2025-04-18T00:43:40.932Z","status":304,"duration":1}
{"method":"GET","url":"/favicon.ico","ip":"::1","timestamp":"2025-04-18T00:43:47.323Z","status":200,"duration":2}
{"method":"POST","url":"/api/auth/wallet-login","ip":"::1","timestamp":"2025-04-18T00:43:53.486Z","status":200,"duration":11}
{"method":"POST","url":"/api/auth/verify","ip":"::1","timestamp":"2025-04-18T00:43:53.502Z","status":200,"duration":3}
{"method":"GET","url":"/api/users/0xbc65ed7097216e071fcce36e2b29ddb1d8786f4c","ip":"::1","timestamp":"2025-04-18T00:43:53.511Z","status":200,"duration":5}
{"method":"POST","url":"/api/auth/verify","ip":"::1","timestamp":"2025-04-18T00:43:53.520Z","status":200,"duration":2}
{"method":"GET","url":"/api/users/check/0xbc65ed7097216e071fcce36e2b29ddb1d8786f4c","ip":"::1","timestamp":"2025-04-18T00:43:53.527Z","status":401,"duration":2}
{"method":"POST","url":"/api/users","ip":"::1","timestamp":"2025-04-18T00:43:53.534Z","status":400,"duration":16}
{"method":"POST","url":"/api/users","ip":"::1","timestamp":"2025-04-18T00:43:55.057Z","status":400,"duration":4}
{"method":"POST","url":"/api/users","ip":"::1","timestamp":"2025-04-18T00:43:57.327Z","status":400,"duration":5}
{"method":"GET","url":"/admin.html","ip":"::1","timestamp":"2025-04-18T00:43:58.352Z","status":200,"duration":2}
{"method":"GET","url":"/routes/components.js","ip":"::1","timestamp":"2025-04-18T00:43:58.414Z","status":200,"duration":3}
{"method":"GET","url":"/scripts/admin.js","ip":"::1","timestamp":"2025-04-18T00:43:58.415Z","status":200,"duration":2}
{"method":"GET","url":"/scripts/menuToggle.js","ip":"::1","timestamp":"2025-04-18T00:43:58.879Z","status":200,"duration":2}
{"method":"GET","url":"/admin.html","ip":"::1","timestamp":"2025-04-18T00:47:18.694Z","status":304,"duration":4}
{"method":"GET","url":"/admin.html","ip":"::1","timestamp":"2025-04-18T00:59:25.648Z","status":304,"duration":5}
{"method":"GET","url":"/login.html","ip":"::1","timestamp":"2025-04-18T01:00:44.725Z","status":304,"duration":2}
{"method":"POST","url":"/api/auth/wallet-login","ip":"::1","timestamp":"2025-04-18T01:00:45.374Z","status":200,"duration":74}
{"method":"POST","url":"/api/auth/verify","ip":"::1","timestamp":"2025-04-18T01:00:45.472Z","status":200,"duration":3}
{"method":"GET","url":"/api/users/0xbc65ed7097216e071fcce36e2b29ddb1d8786f4c","ip":"::1","timestamp":"2025-04-18T01:00:45.485Z","status":304,"duration":5}
{"method":"POST","url":"/api/auth/verify","ip":"::1","timestamp":"2025-04-18T01:00:45.496Z","status":200,"duration":1}
{"method":"GET","url":"/api/users/check/0xbc65ed7097216e071fcce36e2b29ddb1d8786f4c","ip":"::1","timestamp":"2025-04-18T01:00:45.503Z","status":401,"duration":2}
{"method":"POST","url":"/api/users","ip":"::1","timestamp":"2025-04-18T01:00:45.511Z","status":400,"duration":12}
{"method":"POST","url":"/api/users","ip":"::1","timestamp":"2025-04-18T01:00:47.032Z","status":400,"duration":7}
{"method":"POST","url":"/api/users","ip":"::1","timestamp":"2025-04-18T01:00:49.299Z","status":400,"duration":6}
{"method":"GET","url":"/admin.html","ip":"::1","timestamp":"2025-04-18T01:02:43.481Z","status":304,"duration":5}
{"method":"GET","url":"/login.html","ip":"::1","timestamp":"2025-04-18T01:02:58.992Z","status":304,"duration":1}
{"method":"POST","url":"/api/auth/wallet-login","ip":"::1","timestamp":"2025-04-18T01:02:59.652Z","status":200,"duration":108}
{"method":"POST","url":"/api/auth/verify","ip":"::1","timestamp":"2025-04-18T01:02:59.774Z","status":200,"duration":5}
{"method":"GET","url":"/api/users/0xbc65ed7097216e071fcce36e2b29ddb1d8786f4c","ip":"::1","timestamp":"2025-04-18T01:02:59.789Z","status":304,"duration":9}
{"method":"POST","url":"/api/auth/verify","ip":"::1","timestamp":"2025-04-18T01:02:59.806Z","status":200,"duration":4}
{"method":"GET","url":"/api/users/check/0xbc65ed7097216e071fcce36e2b29ddb1d8786f4c","ip":"::1","timestamp":"2025-04-18T01:02:59.817Z","status":401,"duration":2}
{"method":"POST","url":"/api/users","ip":"::1","timestamp":"2025-04-18T01:02:59.845Z","status":400,"duration":22}
{"method":"POST","url":"/api/users","ip":"::1","timestamp":"2025-04-18T01:03:01.388Z","status":400,"duration":7}
{"method":"POST","url":"/api/users","ip":"::1","timestamp":"2025-04-18T01:03:03.661Z","status":400,"duration":8}
{"method":"GET","url":"/favicon.ico","ip":"::1","timestamp":"2025-04-18T01:22:07.645Z","status":200,"duration":13}
{"method":"GET","url":"/login.html","ip":"::1","timestamp":"2025-04-18T01:22:13.879Z","status":304,"duration":2}
{"method":"POST","url":"/api/auth/wallet-login","ip":"::1","timestamp":"2025-04-18T01:22:14.100Z","status":200,"duration":143}
{"method":"POST","url":"/api/auth/verify","ip":"::1","timestamp":"2025-04-18T01:22:14.250Z","status":200,"duration":7}
{"method":"GET","url":"/api/users/0xbc65ed7097216e071fcce36e2b29ddb1d8786f4c","ip":"::1","timestamp":"2025-04-18T01:22:14.261Z","status":304,"duration":10}
{"method":"POST","url":"/api/auth/verify","ip":"::1","timestamp":"2025-04-18T01:22:14.275Z","status":200,"duration":3}
{"method":"GET","url":"/api/users/check/0xbc65ed7097216e071fcce36e2b29ddb1d8786f4c","ip":"::1","timestamp":"2025-04-18T01:22:14.281Z","status":401,"duration":3}
{"method":"POST","url":"/api/users","ip":"::1","timestamp":"2025-04-18T01:22:14.289Z","status":400,"duration":22}
{"method":"POST","url":"/api/users","ip":"::1","timestamp":"2025-04-18T01:22:15.819Z","status":400,"duration":13}
{"method":"POST","url":"/api/auth/wallet-login","ip":"::1","timestamp":"2025-04-18T01:22:16.277Z","status":200,"duration":8}
{"method":"POST","url":"/api/auth/verify","ip":"::1","timestamp":"2025-04-18T01:22:16.289Z","status":200,"duration":4}
{"method":"GET","url":"/api/users/0xbc65ed7097216e071fcce36e2b29ddb1d8786f4c","ip":"::1","timestamp":"2025-04-18T01:22:16.295Z","status":304,"duration":7}
{"method":"POST","url":"/api/auth/verify","ip":"::1","timestamp":"2025-04-18T01:22:16.306Z","status":200,"duration":3}
{"method":"GET","url":"/api/users/check/0xbc65ed7097216e071fcce36e2b29ddb1d8786f4c","ip":"::1","timestamp":"2025-04-18T01:22:16.313Z","status":401,"duration":2}
{"method":"POST","url":"/api/users","ip":"::1","timestamp":"2025-04-18T01:22:16.319Z","status":400,"duration":9}
{"method":"POST","url":"/api/users","ip":"::1","timestamp":"2025-04-18T01:22:17.835Z","status":400,"duration":11}
{"method":"POST","url":"/api/users","ip":"::1","timestamp":"2025-04-18T01:22:18.086Z","status":400,"duration":8}
